# JRE version: OpenJDK Runtime Environment Zulu21.48+17-CA (21.0.10+7) (build 21.0.10+7-LTS)
# Java VM: OpenJDK 64-Bit Server VM Zulu21.48+17-CA (21.0.10+7-LTS, mixed mode, sharing, tiered, compressed oops, compressed class ptrs, g1 gc, bsd-aarch64)
GC Precious Log:
 CardTable entry size: 512
 Card Set container configuration: InlinePtr #cards 4 size 8 Array Of Cards #cards 16 size 48 Howl #buckets 8 coarsen threshold 3686 Howl Bitmap #cards 512 size 80 coarsen threshold 460 Card regions per heap region 1 cards per card region 4096
 CPUs: 8 total, 8 available
 Memory: 8192M
 Large Page Support: Disabled
 NUMA Support: Disabled
 Compressed Oops: Enabled (Zero based)
 Heap Region Size: 2M
 Heap Min Capacity: 8M
 Heap Initial Capacity: 128M
 Heap Max Capacity: 4G
 Pre-touch: Disabled
 Parallel Workers: 8
 Concurrent Workers: 2
 Concurrent Refinement Workers: 8
 Periodic GC: Disabled
Heap:
 garbage-first heap   total 698368K, used 215414K [0x0000000700000000, 0x0000000800000000)
  region size 2048K, 25 young (51200K), 22 survivors (45056K)
 Metaspace       used 52715K, committed 53632K, reserved 1114112K
  class space    used 6591K, committed 7040K, reserved 1048576K
GC Heap History (20 events):
Event: 4.428 GC heap before
{Heap before GC invocations=22 (full 0):
 garbage-first heap   total 327680K, used 288969K [0x0000000700000000, 0x0000000800000000)
  region size 2048K, 86 young (176128K), 4 survivors (8192K)
 Metaspace       used 33471K, committed 34048K, reserved 1114112K
  class space    used 4089K, committed 4352K, reserved 1048576K
}
Event: 4.430 GC heap after
{Heap after GC invocations=23 (full 0):
 garbage-first heap   total 327680K, used 127116K [0x0000000700000000, 0x0000000800000000)
  region size 2048K, 6 young (12288K), 6 survivors (12288K)
 Metaspace       used 33471K, committed 34048K, reserved 1114112K
  class space    used 4089K, committed 4352K, reserved 1048576K
}
Event: 4.485 GC heap before
{Heap before GC invocations=23 (full 0):
 garbage-first heap   total 327680K, used 295052K [0x0000000700000000, 0x0000000800000000)
  region size 2048K, 89 young (182272K), 6 survivors (12288K)
 Metaspace       used 34003K, committed 34560K, reserved 1114112K
  class space    used 4169K, committed 4416K, reserved 1048576K
}
Event: 4.491 GC heap after
{Heap after GC invocations=24 (full 0):
 garbage-first heap   total 327680K, used 128146K [0x0000000700000000, 0x0000000800000000)
  region size 2048K, 8 young (16384K), 8 survivors (16384K)
 Metaspace       used 34003K, committed 34560K, reserved 1114112K
  class space    used 4169K, committed 4416K, reserved 1048576K
}
Event: 4.553 GC heap before
{Heap before GC invocations=24 (full 0):
 garbage-first heap   total 327680K, used 300178K [0x0000000700000000, 0x0000000800000000)
  region size 2048K, 93 young (190464K), 8 survivors (16384K)
 Metaspace       used 34535K, committed 35072K, reserved 1114112K
  class space    used 4237K, committed 4480K, reserved 1048576K
}
Event: 4.558 GC heap after
{Heap after GC invocations=25 (full 0):
 garbage-first heap   total 804864K, used 131831K [0x0000000700000000, 0x0000000800000000)
  region size 2048K, 9 young (18432K), 9 survivors (18432K)
 Metaspace       used 34535K, committed 35072K, reserved 1114112K
  class space    used 4237K, committed 4480K, reserved 1048576K
}
Event: 4.749 GC heap before
{Heap before GC invocations=26 (full 0):
 garbage-first heap   total 450560K, used 381687K [0x0000000700000000, 0x0000000800000000)
  region size 2048K, 132 young (270336K), 9 survivors (18432K)
 Metaspace       used 36754K, committed 37376K, reserved 1114112K
  class space    used 4525K, committed 4800K, reserved 1048576K
}
Event: 4.756 GC heap after
{Heap after GC invocations=27 (full 0):
 garbage-first heap   total 450560K, used 134960K [0x0000000700000000, 0x0000000800000000)
  region size 2048K, 10 young (20480K), 10 survivors (20480K)
 Metaspace       used 36754K, committed 37376K, reserved 1114112K
  class space    used 4525K, committed 4800K, reserved 1048576K
}
Event: 4.933 GC heap before
{Heap before GC invocations=27 (full 0):
 garbage-first heap   total 450560K, used 384816K [0x0000000700000000, 0x0000000800000000)
  region size 2048K, 132 young (270336K), 10 survivors (20480K)
 Metaspace       used 38116K, committed 38720K, reserved 1114112K
  class space    used 4675K, committed 4928K, reserved 1048576K
}
Event: 4.941 GC heap after
{Heap after GC invocations=28 (full 0):
 garbage-first heap   total 450560K, used 138929K [0x0000000700000000, 0x0000000800000000)
  region size 2048K, 12 young (24576K), 12 survivors (24576K)
 Metaspace       used 38116K, committed 38720K, reserved 1114112K
  class space    used 4675K, committed 4928K, reserved 1048576K
}
Event: 5.113 GC heap before
{Heap before GC invocations=28 (full 0):
 garbage-first heap   total 450560K, used 382641K [0x0000000700000000, 0x0000000800000000)
  region size 2048K, 132 young (270336K), 12 survivors (24576K)
 Metaspace       used 38184K, committed 38720K, reserved 1114112K
  class space    used 4676K, committed 4928K, reserved 1048576K
}
Event: 5.122 GC heap after
{Heap after GC invocations=29 (full 0):
 garbage-first heap   total 450560K, used 147915K [0x0000000700000000, 0x0000000800000000)
  region size 2048K, 13 young (26624K), 13 survivors (26624K)
 Metaspace       used 38184K, committed 38720K, reserved 1114112K
  class space    used 4676K, committed 4928K, reserved 1048576K
}
Event: 5.275 GC heap before
{Heap before GC invocations=29 (full 0):
 garbage-first heap   total 450560K, used 391627K [0x0000000700000000, 0x0000000800000000)
  region size 2048K, 132 young (270336K), 13 survivors (26624K)
 Metaspace       used 38248K, committed 38848K, reserved 1114112K
  class space    used 4682K, committed 4992K, reserved 1048576K
}
Event: 5.282 GC heap after
{Heap after GC invocations=30 (full 0):
 garbage-first heap   total 450560K, used 157532K [0x0000000700000000, 0x0000000800000000)
  region size 2048K, 14 young (28672K), 14 survivors (28672K)
 Metaspace       used 38248K, committed 38848K, reserved 1114112K
  class space    used 4682K, committed 4992K, reserved 1048576K
}
Event: 5.438 GC heap before
{Heap before GC invocations=31 (full 0):
 garbage-first heap   total 450560K, used 399196K [0x0000000700000000, 0x0000000800000000)
  region size 2048K, 132 young (270336K), 14 survivors (28672K)
 Metaspace       used 38208K, committed 38912K, reserved 1114112K
  class space    used 4667K, committed 4992K, reserved 1048576K
}
Event: 5.445 GC heap after
{Heap after GC invocations=32 (full 0):
 garbage-first heap   total 450560K, used 166240K [0x0000000700000000, 0x0000000800000000)
  region size 2048K, 14 young (28672K), 14 survivors (28672K)
 Metaspace       used 38208K, committed 38912K, reserved 1114112K
  class space    used 4667K, committed 4992K, reserved 1048576K
}
Event: 5.838 GC heap before
{Heap before GC invocations=32 (full 0):
 garbage-first heap   total 450560K, used 407904K [0x0000000700000000, 0x0000000800000000)
  region size 2048K, 132 young (270336K), 14 survivors (28672K)
 Metaspace       used 40661K, committed 41472K, reserved 1114112K
  class space    used 4990K, committed 5376K, reserved 1048576K
}
Event: 5.847 GC heap after
{Heap after GC invocations=33 (full 0):
 garbage-first heap   total 698368K, used 177895K [0x0000000700000000, 0x0000000800000000)
  region size 2048K, 16 young (32768K), 16 survivors (32768K)
 Metaspace       used 40661K, committed 41472K, reserved 1114112K
  class space    used 4990K, committed 5376K, reserved 1048576K
}
Event: 7.959 GC heap before
{Heap before GC invocations=33 (full 0):
 garbage-first heap   total 698368K, used 577255K [0x0000000700000000, 0x0000000800000000)
  region size 2048K, 204 young (417792K), 16 survivors (32768K)
 Metaspace       used 52513K, committed 53440K, reserved 1114112K
  class space    used 6553K, committed 6976K, reserved 1048576K
}
Event: 8.053 GC heap after
{Heap after GC invocations=34 (full 0):
 garbage-first heap   total 698368K, used 211318K [0x0000000700000000, 0x0000000800000000)
  region size 2048K, 22 young (45056K), 22 survivors (45056K)
 Metaspace       used 52513K, committed 53440K, reserved 1114112K
  class space    used 6553K, committed 6976K, reserved 1048576K
}

