# JRE version: OpenJDK Runtime Environment Zulu21.48+17-CA (21.0.10+7) (build 21.0.10+7-LTS)
# Java VM: OpenJDK 64-Bit Server VM Zulu21.48+17-CA (21.0.10+7-LTS, mixed mode, sharing, tiered, compressed oops, compressed class ptrs, g1 gc, bsd-aarch64)
GC Precious Log:
 CardTable entry size: 512
 Card Set container configuration: InlinePtr #cards 4 size 8 Array Of Cards #cards 16 size 48 Howl #buckets 8 coarsen threshold 3686 Howl Bitmap #cards 512 size 80 coarsen threshold 460 Card regions per heap region 1 cards per card region 4096
 CPUs: 8 total, 8 available
 Memory: 8192M
 Large Page Support: Disabled
 NUMA Support: Disabled
 Compressed Oops: Enabled (Zero based)
 Heap Region Size: 2M
 Heap Min Capacity: 8M
 Heap Initial Capacity: 128M
 Heap Max Capacity: 4G
 Pre-touch: Disabled
 Parallel Workers: 8
 Concurrent Workers: 2
 Concurrent Refinement Workers: 8
 Periodic GC: Disabled
Heap:
 garbage-first heap   total 935936K, used 757398K [0x00000004d5000000, 0x00000005d5000000)
  region size 2048K, 274 young (561152K), 23 survivors (47104K)
 Metaspace       used 57439K, committed 58432K, reserved 1114112K
  class space    used 7226K, committed 7680K, reserved 1048576K
GC Heap History (20 events):
Event: 3.896 GC heap before
{Heap before GC invocations=21 (full 0):
 garbage-first heap   total 296960K, used 263265K [0x00000004d5000000, 0x00000005d5000000)
  region size 2048K, 62 young (126976K), 7 survivors (14336K)
 Metaspace       used 36823K, committed 37440K, reserved 1114112K
  class space    used 4610K, committed 4864K, reserved 1048576K
}
Event: 3.900 GC heap after
{Heap after GC invocations=22 (full 0):
 garbage-first heap   total 296960K, used 155501K [0x00000004d5000000, 0x00000005d5000000)
  region size 2048K, 4 young (8192K), 4 survivors (8192K)
 Metaspace       used 36823K, committed 37440K, reserved 1114112K
  class space    used 4610K, committed 4864K, reserved 1048576K
}
Event: 3.942 GC heap before
{Heap before GC invocations=22 (full 0):
 garbage-first heap   total 296960K, used 270189K [0x00000004d5000000, 0x00000005d5000000)
  region size 2048K, 61 young (124928K), 4 survivors (8192K)
 Metaspace       used 36826K, committed 37504K, reserved 1114112K
  class space    used 4610K, committed 4864K, reserved 1048576K
}
Event: 3.955 GC heap after
{Heap after GC invocations=23 (full 0):
 garbage-first heap   total 411648K, used 155453K [0x00000004d5000000, 0x00000005d5000000)
  region size 2048K, 5 young (10240K), 5 survivors (10240K)
 Metaspace       used 36826K, committed 37504K, reserved 1114112K
  class space    used 4610K, committed 4864K, reserved 1048576K
}
Event: 4.028 GC heap before
{Heap before GC invocations=23 (full 0):
 garbage-first heap   total 411648K, used 384829K [0x00000004d5000000, 0x00000005d5000000)
  region size 2048K, 118 young (241664K), 5 survivors (10240K)
 Metaspace       used 36829K, committed 37504K, reserved 1114112K
  class space    used 4610K, committed 4864K, reserved 1048576K
}
Event: 4.033 GC heap after
{Heap after GC invocations=24 (full 0):
 garbage-first heap   total 411648K, used 159308K [0x00000004d5000000, 0x00000005d5000000)
  region size 2048K, 7 young (14336K), 7 survivors (14336K)
 Metaspace       used 36829K, committed 37504K, reserved 1114112K
  class space    used 4610K, committed 4864K, reserved 1048576K
}
Event: 4.117 GC heap before
{Heap before GC invocations=24 (full 0):
 garbage-first heap   total 411648K, used 380492K [0x00000004d5000000, 0x00000005d5000000)
  region size 2048K, 116 young (237568K), 7 survivors (14336K)
 Metaspace       used 37476K, committed 38144K, reserved 1114112K
  class space    used 4694K, committed 4992K, reserved 1048576K
}
Event: 4.122 GC heap after
{Heap after GC invocations=25 (full 0):
 garbage-first heap   total 411648K, used 164457K [0x00000004d5000000, 0x00000005d5000000)
  region size 2048K, 10 young (20480K), 10 survivors (20480K)
 Metaspace       used 37476K, committed 38144K, reserved 1114112K
  class space    used 4694K, committed 4992K, reserved 1048576K
}
Event: 4.187 GC heap before
{Heap before GC invocations=25 (full 0):
 garbage-first heap   total 411648K, used 381545K [0x00000004d5000000, 0x00000005d5000000)
  region size 2048K, 117 young (239616K), 10 survivors (20480K)
 Metaspace       used 37783K, committed 38464K, reserved 1114112K
  class space    used 4745K, committed 4992K, reserved 1048576K
}
Event: 4.192 GC heap after
{Heap after GC invocations=26 (full 0):
 garbage-first heap   total 411648K, used 169690K [0x00000004d5000000, 0x00000005d5000000)
  region size 2048K, 10 young (20480K), 10 survivors (20480K)
 Metaspace       used 37783K, committed 38464K, reserved 1114112K
  class space    used 4745K, committed 4992K, reserved 1048576K
}
Event: 4.282 GC heap before
{Heap before GC invocations=27 (full 0):
 garbage-first heap   total 411648K, used 384730K [0x00000004d5000000, 0x00000005d5000000)
  region size 2048K, 116 young (237568K), 10 survivors (20480K)
 Metaspace       used 38783K, committed 39424K, reserved 1114112K
  class space    used 4879K, committed 5184K, reserved 1048576K
}
Event: 4.287 GC heap after
{Heap after GC invocations=28 (full 0):
 garbage-first heap   total 411648K, used 172053K [0x00000004d5000000, 0x00000005d5000000)
  region size 2048K, 9 young (18432K), 9 survivors (18432K)
 Metaspace       used 38783K, committed 39424K, reserved 1114112K
  class space    used 4879K, committed 5184K, reserved 1048576K
}
Event: 4.412 GC heap before
{Heap before GC invocations=28 (full 0):
 garbage-first heap   total 411648K, used 387093K [0x00000004d5000000, 0x00000005d5000000)
  region size 2048K, 114 young (233472K), 9 survivors (18432K)
 Metaspace       used 40989K, committed 41664K, reserved 1114112K
  class space    used 5159K, committed 5440K, reserved 1048576K
}
Event: 4.417 GC heap after
{Heap after GC invocations=29 (full 0):
 garbage-first heap   total 935936K, used 173665K [0x00000004d5000000, 0x00000005d5000000)
  region size 2048K, 8 young (16384K), 8 survivors (16384K)
 Metaspace       used 40989K, committed 41664K, reserved 1114112K
  class space    used 5159K, committed 5440K, reserved 1048576K
}
Event: 4.819 GC heap before
{Heap before GC invocations=29 (full 0):
 garbage-first heap   total 935936K, used 718433K [0x00000004d5000000, 0x00000005d5000000)
  region size 2048K, 274 young (561152K), 8 survivors (16384K)
 Metaspace       used 41971K, committed 42624K, reserved 1114112K
  class space    used 5238K, committed 5504K, reserved 1048576K
}
Event: 4.834 GC heap after
{Heap after GC invocations=30 (full 0):
 garbage-first heap   total 935936K, used 187454K [0x00000004d5000000, 0x00000005d5000000)
  region size 2048K, 15 young (30720K), 15 survivors (30720K)
 Metaspace       used 41971K, committed 42624K, reserved 1114112K
  class space    used 5238K, committed 5504K, reserved 1048576K
}
Event: 5.311 GC heap before
{Heap before GC invocations=30 (full 0):
 garbage-first heap   total 935936K, used 717886K [0x00000004d5000000, 0x00000005d5000000)
  region size 2048K, 274 young (561152K), 15 survivors (30720K)
 Metaspace       used 42936K, committed 43584K, reserved 1114112K
  class space    used 5307K, committed 5632K, reserved 1048576K
}
Event: 5.326 GC heap after
{Heap after GC invocations=31 (full 0):
 garbage-first heap   total 935936K, used 214205K [0x00000004d5000000, 0x00000005d5000000)
  region size 2048K, 28 young (57344K), 28 survivors (57344K)
 Metaspace       used 42936K, committed 43584K, reserved 1114112K
  class space    used 5307K, committed 5632K, reserved 1048576K
}
Event: 6.074 GC heap before
{Heap before GC invocations=31 (full 0):
 garbage-first heap   total 935936K, used 718013K [0x00000004d5000000, 0x00000005d5000000)
  region size 2048K, 274 young (561152K), 28 survivors (57344K)
 Metaspace       used 45456K, committed 46272K, reserved 1114112K
  class space    used 5659K, committed 6016K, reserved 1048576K
}
Event: 6.092 GC heap after
{Heap after GC invocations=32 (full 0):
 garbage-first heap   total 935936K, used 231062K [0x00000004d5000000, 0x00000005d5000000)
  region size 2048K, 23 young (47104K), 23 survivors (47104K)
 Metaspace       used 45456K, committed 46272K, reserved 1114112K
  class space    used 5659K, committed 6016K, reserved 1048576K
}

